Build started 2014-10-24 10:18:07.
     1>Project "C:\Users\snyderna1\Dropbox\Grove City\Classes\Games 1\Exam 1 Shell\CollisionTypes.vcxproj" on node 2 (Build target(s)).
     1>ClCompile:
         C:\Program Files (x86)\Microsoft Visual Studio 11.0\VC\bin\CL.exe /c /I"C:\Program Files (x86)\Microsoft DirectX SDK (June 2010)\\Include" /ZI /nologo /W3 /WX- /Od /Oy- /D _MBCS /Gm /EHsc /RTC1 /MDd /GS /fp:precise /Zc:wchar_t /Zc:forScope /Fo"Debug\\" /Fd"Debug\vc110.pdb" /Gd /TP /analyze- /errorReport:prompt collisionTypes.cpp puck.cpp winmain.cpp
         winmain.cpp
         puck.cpp
     1>c:\users\snyderna1\dropbox\grove city\classes\games 1\exam 1 shell\puck.cpp(12): warning C4244: 'argument' : conversion from 'const int' to 'FLOAT', possible loss of data
         Generating Code...
         Compiling...
         collisionTypes.cpp
         Generating Code...
       Link:
         C:\Program Files (x86)\Microsoft Visual Studio 11.0\VC\bin\link.exe /ERRORREPORT:PROMPT /OUT:"C:\Users\snyderna1\Dropbox\Grove City\Classes\Games 1\Exam 1 Shell\Debug\CollisionTypes.exe" /NOLOGO /LIBPATH:"C:\Program Files (x86)\Microsoft DirectX SDK (June 2010)\\Lib\x86" d3d9.lib d3dx9.lib winmm.lib xinput.lib kernel32.lib user32.lib gdi32.lib winspool.lib comdlg32.lib advapi32.lib shell32.lib ole32.lib oleaut32.lib uuid.lib odbc32.lib odbccp32.lib /MANIFEST /MANIFESTUAC:"level='asInvoker' uiAccess='false'" /manifest:embed /DEBUG /PDB:"C:\Users\snyderna1\Dropbox\Grove City\Classes\Games 1\Exam 1 Shell\Debug\CollisionTypes.pdb" /TLBID:1 /DYNAMICBASE /NXCOMPAT /IMPLIB:"C:\Users\snyderna1\Dropbox\Grove City\Classes\Games 1\Exam 1 Shell\Debug\CollisionTypes.lib" /MACHINE:X86 /SAFESEH Debug\audio.obj
         Debug\collisionTypes.obj
         Debug\entity.obj
         Debug\game.obj
         Debug\graphics.obj
         Debug\image.obj
         Debug\input.obj
         Debug\paddle.obj
         Debug\puck.obj
         Debug\textDX.obj
         Debug\textureManager.obj
         Debug\winmain.obj
         CollisionTypes.vcxproj -> C:\Users\snyderna1\Dropbox\Grove City\Classes\Games 1\Exam 1 Shell\Debug\CollisionTypes.exe
     1>Done Building Project "C:\Users\snyderna1\Dropbox\Grove City\Classes\Games 1\Exam 1 Shell\CollisionTypes.vcxproj" (Build target(s)).

Build succeeded.

Time Elapsed 00:00:05.08
